[INFO] Scanning for projects...
[INFO] 
[INFO] ------------------------< com.backend:backend >-------------------------
[INFO] Building backend 0.0.1-SNAPSHOT
[INFO]   from pom.xml
[INFO] --------------------------------[ jar ]---------------------------------
[INFO] 
[INFO] >>> spring-boot:4.0.5:run (default-cli) > test-compile @ backend >>>
[INFO] 
[INFO] --- resources:3.3.1:resources (default-resources) @ backend ---
[INFO] Copying 1 resource from src\main\resources to target\classes
[INFO] Copying 1 resource from src\main\resources to target\classes
[INFO] 
[INFO] --- compiler:3.14.1:compile (default-compile) @ backend ---
[INFO] Nothing to compile - all classes are up to date.
[INFO] 
[INFO] --- resources:3.3.1:testResources (default-testResources) @ backend ---
[INFO] skip non existing resourceDirectory C:\Users\palih\Desktop\smart hub\it3030-paf-2026-smart-campus-group281_5.1-\backend\src\test\resources
[INFO] 
[INFO] --- compiler:3.14.1:testCompile (default-testCompile) @ backend ---
[INFO] Nothing to compile - all classes are up to date.
[INFO] 
[INFO] <<< spring-boot:4.0.5:run (default-cli) < test-compile @ backend <<<
[INFO] 
[INFO] 
[INFO] --- spring-boot:4.0.5:run (default-cli) @ backend ---
[INFO] Attaching agents: []

  .   ____          _            __ _ _
 /\\ / ___'_ __ _ _(_)_ __  __ _ \ \ \ \
( ( )\___ | '_ | '_| | '_ \/ _` | \ \ \ \
 \\/  ___)| |_)| | | | | || (_| |  ) ) ) )
  '  |____| .__|_| |_|_| |_\__, | / / / /
 =========|_|==============|___/=/_/_/_/

 :: Spring Boot ::                (v4.0.5)

2026-04-09T03:26:02.577+05:30  INFO 39132 --- [backend] [           main] com.backend.backend.BackendApplication   : Starting BackendApplication using Java 25.0.2 with PID 39132 (C:\Users\palih\Desktop\smart hub\it3030-paf-2026-smart-campus-group281_5.1-\backend\target\classes started by palih in C:\Users\palih\Desktop\smart hub\it3030-paf-2026-smart-campus-group281_5.1-\backend)
2026-04-09T03:26:02.580+05:30  INFO 39132 --- [backend] [           main] com.backend.backend.BackendApplication   : No active profile set, falling back to 1 default profile: "default"
2026-04-09T03:26:02.949+05:30  INFO 39132 --- [backend] [           main] .s.d.r.c.RepositoryConfigurationDelegate : Bootstrapping Spring Data MongoDB repositories in DEFAULT mode.
2026-04-09T03:26:02.980+05:30  INFO 39132 --- [backend] [           main] .s.d.r.c.RepositoryConfigurationDelegate : Finished Spring Data repository scanning in 28 ms. Found 2 MongoDB repository interfaces.
2026-04-09T03:26:03.271+05:30  INFO 39132 --- [backend] [           main] o.s.boot.tomcat.TomcatWebServer          : Tomcat initialized with port 8081 (http)
2026-04-09T03:26:03.279+05:30  INFO 39132 --- [backend] [           main] o.apache.catalina.core.StandardService   : Starting service [Tomcat]
2026-04-09T03:26:03.279+05:30  INFO 39132 --- [backend] [           main] o.apache.catalina.core.StandardEngine    : Starting Servlet engine: [Apache Tomcat/11.0.20]
2026-04-09T03:26:03.313+05:30  INFO 39132 --- [backend] [           main] b.w.c.s.WebApplicationContextInitializer : Root WebApplicationContext: initialization completed in 686 ms
2026-04-09T03:26:03.472+05:30  INFO 39132 --- [backend] [           main] org.mongodb.driver.client                : MongoClient with metadata {"driver": {"name": "mongo-java-driver|spring-boot|sync", "version": "5.6.4"}, "os": {"type": "Windows", "name": "Windows 11", "architecture": "amd64", "version": "10.0"}, "platform": "Java/Eclipse Adoptium/25.0.2+10-LTS"} created with settings MongoClientSettings{readPreference=primary, writeConcern=WriteConcern{w=majority, wTimeout=null ms, journal=null}, retryWrites=true, retryReads=true, readConcern=ReadConcern{level=null}, credential=MongoCredential{mechanism=null, userName='edusense42_db_user', source='admin', password=<hidden>, mechanismProperties=<hidden>}, transportSettings=null, commandListeners=[], codecRegistry=ProvidersCodecRegistry{codecProviders=[ValueCodecProvider{}, BsonValueCodecProvider{}, DBRefCodecProvider{}, DBObjectCodecProvider{}, DocumentCodecProvider{}, CollectionCodecProvider{}, IterableCodecProvider{}, MapCodecProvider{}, GeoJsonCodecProvider{}, GridFSFileCodecProvider{}, Jsr310CodecProvider{}, JsonObjectCodecProvider{}, BsonCodecProvider{}, com.mongodb.client.model.mql.ExpressionCodecProvider@4ef4f627, com.mongodb.Jep395RecordCodecProvider@4ea56bdb, com.mongodb.KotlinCodecProvider@32227215, EnumCodecProvider{}]}, loggerSettings=LoggerSettings{maxDocumentLength=1000}, clusterSettings={hosts=[127.0.0.1:27017], srvHost=cluster0.wnctjbm.mongodb.net, srvServiceName=mongodb, mode=MULTIPLE, requiredClusterType=REPLICA_SET, requiredReplicaSetName='atlas-dqfih2-shard-0', serverSelector='null', clusterListeners='[]', serverSelectionTimeout='30000 ms', localThreshold='15 ms'}, socketSettings=SocketSettings{connectTimeoutMS=10000, readTimeoutMS=0, receiveBufferSize=0, proxySettings=ProxySettings{host=null, port=null, username=null, password=null}}, heartbeatSocketSettings=SocketSettings{connectTimeoutMS=10000, readTimeoutMS=10000, receiveBufferSize=0, proxySettings=ProxySettings{host=null, port=null, username=null, password=null}}, connectionPoolSettings=ConnectionPoolSettings{maxSize=100, minSize=0, maxWaitTimeMS=120000, maxConnectionLifeTimeMS=0, maxConnectionIdleTimeMS=0, maintenanceInitialDelayMS=0, maintenanceFrequencyMS=60000, connectionPoolListeners=[], maxConnecting=2}, serverSettings=ServerSettings{heartbeatFrequencyMS=10000, minHeartbeatFrequencyMS=500, serverMonitoringMode=AUTO, serverListeners='[]', serverMonitorListeners='[]'}, sslSettings=SslSettings{enabled=true, invalidHostNameAllowed=false, context=null}, applicationName='null', compressorList=[], uuidRepresentation=UNSPECIFIED, serverApi=null, autoEncryptionSettings=null, dnsClient=null, inetAddressResolver=null, contextProvider=null, timeoutMS=null}
2026-04-09T03:26:03.492+05:30  INFO 39132 --- [backend] [jbm.mongodb.net] org.mongodb.driver.cluster               : Adding discovered server ac-ldnsgdn-shard-00-00.wnctjbm.mongodb.net:27017 to client view of cluster
2026-04-09T03:26:03.502+05:30  INFO 39132 --- [backend] [jbm.mongodb.net] org.mongodb.driver.cluster               : Adding discovered server ac-ldnsgdn-shard-00-01.wnctjbm.mongodb.net:27017 to client view of cluster
2026-04-09T03:26:03.503+05:30  INFO 39132 --- [backend] [jbm.mongodb.net] org.mongodb.driver.cluster               : Adding discovered server ac-ldnsgdn-shard-00-02.wnctjbm.mongodb.net:27017 to client view of cluster
2026-04-09T03:26:03.633+05:30 DEBUG 39132 --- [backend] [           main] .m.c.i.MongoPersistentEntityIndexCreator : Analyzing class class com.backend.backend.model.User for index information
2026-04-09T03:26:03.636+05:30 DEBUG 39132 --- [backend] [           main] .m.c.i.MongoPersistentEntityIndexCreator : Analyzing class class com.backend.backend.model.Notification for index information
2026-04-09T03:26:03.876+05:30  INFO 39132 --- [backend] [           main] r$InitializeUserDetailsManagerConfigurer : Global AuthenticationManager configured with UserDetailsService bean with name customUserDetailsService
2026-04-09T03:26:04.131+05:30  INFO 39132 --- [backend] [ngodb.net:27017] org.mongodb.driver.cluster               : Monitor thread successfully connected to server with description ServerDescription{address=ac-ldnsgdn-shard-00-02.wnctjbm.mongodb.net:27017, type=REPLICA_SET_SECONDARY, cryptd=false, state=CONNECTED, ok=true, minWireVersion=0, maxWireVersion=25, maxDocumentSize=16777216, logicalSessionTimeoutMinutes=30, roundTripTimeNanos=325562600, minRoundTripTimeNanos=0, setName='atlas-dqfih2-shard-0', canonicalAddress=ac-ldnsgdn-shard-00-02.wnctjbm.mongodb.net:27017, hosts=[ac-ldnsgdn-shard-00-00.wnctjbm.mongodb.net:27017, ac-ldnsgdn-shard-00-01.wnctjbm.mongodb.net:27017, ac-ldnsgdn-shard-00-02.wnctjbm.mongodb.net:27017], passives=[], arbiters=[], primary='ac-ldnsgdn-shard-00-01.wnctjbm.mongodb.net:27017', tagSet=TagSet{[Tag{name='availabilityZone', value='aps1-az2'}, Tag{name='diskState', value='READY'}, Tag{name='nodeType', value='ELECTABLE'}, Tag{name='provider', value='AWS'}, Tag{name='region', value='AP_SOUTH_1'}, Tag{name='workloadType', value='OPERATIONAL'}]}, electionId=null, setVersion=76, topologyVersion=TopologyVersion{processId=69cec396b2b077e97efbea7d, counter=3}, lastWriteDate=Thu Apr 09 03:26:04 IST 2026, lastUpdateTimeNanos=2043994266996600}
2026-04-09T03:26:04.131+05:30  INFO 39132 --- [backend] [ngodb.net:27017] org.mongodb.driver.cluster               : Monitor thread successfully connected to server with description ServerDescription{address=ac-ldnsgdn-shard-00-01.wnctjbm.mongodb.net:27017, type=REPLICA_SET_PRIMARY, cryptd=false, state=CONNECTED, ok=true, minWireVersion=0, maxWireVersion=25, maxDocumentSize=16777216, logicalSessionTimeoutMinutes=30, roundTripTimeNanos=328569500, minRoundTripTimeNanos=0, setName='atlas-dqfih2-shard-0', canonicalAddress=ac-ldnsgdn-shard-00-01.wnctjbm.mongodb.net:27017, hosts=[ac-ldnsgdn-shard-00-00.wnctjbm.mongodb.net:27017, ac-ldnsgdn-shard-00-01.wnctjbm.mongodb.net:27017, ac-ldnsgdn-shard-00-02.wnctjbm.mongodb.net:27017], passives=[], arbiters=[], primary='ac-ldnsgdn-shard-00-01.wnctjbm.mongodb.net:27017', tagSet=TagSet{[Tag{name='availabilityZone', value='aps1-az3'}, Tag{name='diskState', value='READY'}, Tag{name='nodeType', value='ELECTABLE'}, Tag{name='provider', value='AWS'}, Tag{name='region', value='AP_SOUTH_1'}, Tag{name='workloadType', value='OPERATIONAL'}]}, electionId=7fffffff00000000000000e5, setVersion=76, topologyVersion=TopologyVersion{processId=69cec0e119ace8ba7337155a, counter=6}, lastWriteDate=Thu Apr 09 03:26:04 IST 2026, lastUpdateTimeNanos=2043994266999700}
2026-04-09T03:26:04.131+05:30  INFO 39132 --- [backend] [ngodb.net:27017] org.mongodb.driver.cluster               : Monitor thread successfully connected to server with description ServerDescription{address=ac-ldnsgdn-shard-00-00.wnctjbm.mongodb.net:27017, type=REPLICA_SET_SECONDARY, cryptd=false, state=CONNECTED, ok=true, minWireVersion=0, maxWireVersion=25, maxDocumentSize=16777216, logicalSessionTimeoutMinutes=30, roundTripTimeNanos=328526200, minRoundTripTimeNanos=0, setName='atlas-dqfih2-shard-0', canonicalAddress=ac-ldnsgdn-shard-00-00.wnctjbm.mongodb.net:27017, hosts=[ac-ldnsgdn-shard-00-00.wnctjbm.mongodb.net:27017, ac-ldnsgdn-shard-00-01.wnctjbm.mongodb.net:27017, ac-ldnsgdn-shard-00-02.wnctjbm.mongodb.net:27017], passives=[], arbiters=[], primary='ac-ldnsgdn-shard-00-01.wnctjbm.mongodb.net:27017', tagSet=TagSet{[Tag{name='availabilityZone', value='aps1-az1'}, Tag{name='diskState', value='READY'}, Tag{name='nodeType', value='ELECTABLE'}, Tag{name='provider', value='AWS'}, Tag{name='region', value='AP_SOUTH_1'}, Tag{name='workloadType', value='OPERATIONAL'}]}, electionId=null, setVersion=76, topologyVersion=TopologyVersion{processId=69cebe2e246ec059393e3045, counter=4}, lastWriteDate=Thu Apr 09 03:26:04 IST 2026, lastUpdateTimeNanos=2043994266999700}
2026-04-09T03:26:04.134+05:30  INFO 39132 --- [backend] [ngodb.net:27017] org.mongodb.driver.cluster               : Discovered replica set primary ac-ldnsgdn-shard-00-01.wnctjbm.mongodb.net:27017 with max election id 7fffffff00000000000000e5 and max set version 76
2026-04-09T03:26:04.146+05:30  INFO 39132 --- [backend] [           main] o.s.boot.tomcat.TomcatWebServer          : Tomcat started on port 8081 (http) with context path '/'
2026-04-09T03:26:04.149+05:30  INFO 39132 --- [backend] [           main] com.backend.backend.BackendApplication   : Started BackendApplication in 1.825 seconds (process running for 2.055)
