[INFO] Scanning for projects...
[INFO] 
[INFO] ------------------------< com.backend:backend >-------------------------
[INFO] Building backend 0.0.1-SNAPSHOT
[INFO]   from pom.xml
[INFO] --------------------------------[ jar ]---------------------------------
[INFO] 
[INFO] >>> spring-boot:4.0.5:run (default-cli) > test-compile @ backend >>>
[INFO] 
[INFO] --- resources:3.3.1:resources (default-resources) @ backend ---
[INFO] Copying 1 resource from src\main\resources to target\classes
[INFO] Copying 1 resource from src\main\resources to target\classes
[INFO] 
[INFO] --- compiler:3.14.1:compile (default-compile) @ backend ---
[INFO] Nothing to compile - all classes are up to date.
[INFO] 
[INFO] --- resources:3.3.1:testResources (default-testResources) @ backend ---
[INFO] skip non existing resourceDirectory C:\Users\palih\Desktop\smart hub\it3030-paf-2026-smart-campus-group281_5.1-\backend\src\test\resources
[INFO] 
[INFO] --- compiler:3.14.1:testCompile (default-testCompile) @ backend ---
[INFO] Nothing to compile - all classes are up to date.
[INFO] 
[INFO] <<< spring-boot:4.0.5:run (default-cli) < test-compile @ backend <<<
[INFO] 
[INFO] 
[INFO] --- spring-boot:4.0.5:run (default-cli) @ backend ---
[INFO] Attaching agents: []

  .   ____          _            __ _ _
 /\\ / ___'_ __ _ _(_)_ __  __ _ \ \ \ \
( ( )\___ | '_ | '_| | '_ \/ _` | \ \ \ \
 \\/  ___)| |_)| | | | | || (_| |  ) ) ) )
  '  |____| .__|_| |_|_| |_\__, | / / / /
 =========|_|==============|___/=/_/_/_/

 :: Spring Boot ::                (v4.0.5)

2026-04-09T03:24:54.257+05:30  INFO 60076 --- [backend] [           main] com.backend.backend.BackendApplication   : Starting BackendApplication using Java 25.0.2 with PID 60076 (C:\Users\palih\Desktop\smart hub\it3030-paf-2026-smart-campus-group281_5.1-\backend\target\classes started by palih in C:\Users\palih\Desktop\smart hub\it3030-paf-2026-smart-campus-group281_5.1-\backend)
2026-04-09T03:24:54.258+05:30  INFO 60076 --- [backend] [           main] com.backend.backend.BackendApplication   : No active profile set, falling back to 1 default profile: "default"
2026-04-09T03:24:54.628+05:30  INFO 60076 --- [backend] [           main] .s.d.r.c.RepositoryConfigurationDelegate : Bootstrapping Spring Data MongoDB repositories in DEFAULT mode.
2026-04-09T03:24:54.659+05:30  INFO 60076 --- [backend] [           main] .s.d.r.c.RepositoryConfigurationDelegate : Finished Spring Data repository scanning in 28 ms. Found 2 MongoDB repository interfaces.
2026-04-09T03:24:54.957+05:30  INFO 60076 --- [backend] [           main] o.s.boot.tomcat.TomcatWebServer          : Tomcat initialized with port 8081 (http)
2026-04-09T03:24:54.967+05:30  INFO 60076 --- [backend] [           main] o.apache.catalina.core.StandardService   : Starting service [Tomcat]
2026-04-09T03:24:54.967+05:30  INFO 60076 --- [backend] [           main] o.apache.catalina.core.StandardEngine    : Starting Servlet engine: [Apache Tomcat/11.0.20]
2026-04-09T03:24:55.002+05:30  INFO 60076 --- [backend] [           main] b.w.c.s.WebApplicationContextInitializer : Root WebApplicationContext: initialization completed in 712 ms
2026-04-09T03:24:55.203+05:30  INFO 60076 --- [backend] [           main] org.mongodb.driver.client                : MongoClient with metadata {"driver": {"name": "mongo-java-driver|spring-boot|sync", "version": "5.6.4"}, "os": {"type": "Windows", "name": "Windows 11", "architecture": "amd64", "version": "10.0"}, "platform": "Java/Eclipse Adoptium/25.0.2+10-LTS"} created with settings MongoClientSettings{readPreference=primary, writeConcern=WriteConcern{w=majority, wTimeout=null ms, journal=null}, retryWrites=true, retryReads=true, readConcern=ReadConcern{level=null}, credential=MongoCredential{mechanism=null, userName='edusense42_db_user', source='admin', password=<hidden>, mechanismProperties=<hidden>}, transportSettings=null, commandListeners=[], codecRegistry=ProvidersCodecRegistry{codecProviders=[ValueCodecProvider{}, BsonValueCodecProvider{}, DBRefCodecProvider{}, DBObjectCodecProvider{}, DocumentCodecProvider{}, CollectionCodecProvider{}, IterableCodecProvider{}, MapCodecProvider{}, GeoJsonCodecProvider{}, GridFSFileCodecProvider{}, Jsr310CodecProvider{}, JsonObjectCodecProvider{}, BsonCodecProvider{}, com.mongodb.client.model.mql.ExpressionCodecProvider@2443abd6, com.mongodb.Jep395RecordCodecProvider@674da77b, com.mongodb.KotlinCodecProvider@bd3eff4, EnumCodecProvider{}]}, loggerSettings=LoggerSettings{maxDocumentLength=1000}, clusterSettings={hosts=[127.0.0.1:27017], srvHost=cluster0.wnctjbm.mongodb.net, srvServiceName=mongodb, mode=MULTIPLE, requiredClusterType=REPLICA_SET, requiredReplicaSetName='atlas-dqfih2-shard-0', serverSelector='null', clusterListeners='[]', serverSelectionTimeout='30000 ms', localThreshold='15 ms'}, socketSettings=SocketSettings{connectTimeoutMS=10000, readTimeoutMS=0, receiveBufferSize=0, proxySettings=ProxySettings{host=null, port=null, username=null, password=null}}, heartbeatSocketSettings=SocketSettings{connectTimeoutMS=10000, readTimeoutMS=10000, receiveBufferSize=0, proxySettings=ProxySettings{host=null, port=null, username=null, password=null}}, connectionPoolSettings=ConnectionPoolSettings{maxSize=100, minSize=0, maxWaitTimeMS=120000, maxConnectionLifeTimeMS=0, maxConnectionIdleTimeMS=0, maintenanceInitialDelayMS=0, maintenanceFrequencyMS=60000, connectionPoolListeners=[], maxConnecting=2}, serverSettings=ServerSettings{heartbeatFrequencyMS=10000, minHeartbeatFrequencyMS=500, serverMonitoringMode=AUTO, serverListeners='[]', serverMonitorListeners='[]'}, sslSettings=SslSettings{enabled=true, invalidHostNameAllowed=false, context=null}, applicationName='null', compressorList=[], uuidRepresentation=UNSPECIFIED, serverApi=null, autoEncryptionSettings=null, dnsClient=null, inetAddressResolver=null, contextProvider=null, timeoutMS=null}
2026-04-09T03:24:55.229+05:30  INFO 60076 --- [backend] [jbm.mongodb.net] org.mongodb.driver.cluster               : Adding discovered server ac-ldnsgdn-shard-00-00.wnctjbm.mongodb.net:27017 to client view of cluster
2026-04-09T03:24:55.242+05:30  INFO 60076 --- [backend] [jbm.mongodb.net] org.mongodb.driver.cluster               : Adding discovered server ac-ldnsgdn-shard-00-01.wnctjbm.mongodb.net:27017 to client view of cluster
2026-04-09T03:24:55.242+05:30  INFO 60076 --- [backend] [jbm.mongodb.net] org.mongodb.driver.cluster               : Adding discovered server ac-ldnsgdn-shard-00-02.wnctjbm.mongodb.net:27017 to client view of cluster
2026-04-09T03:24:55.352+05:30 DEBUG 60076 --- [backend] [           main] .m.c.i.MongoPersistentEntityIndexCreator : Analyzing class class com.backend.backend.model.Notification for index information
2026-04-09T03:24:55.355+05:30 DEBUG 60076 --- [backend] [           main] .m.c.i.MongoPersistentEntityIndexCreator : Analyzing class class com.backend.backend.model.User for index information
2026-04-09T03:24:55.605+05:30  INFO 60076 --- [backend] [           main] r$InitializeUserDetailsManagerConfigurer : Global AuthenticationManager configured with UserDetailsService bean with name customUserDetailsService
2026-04-09T03:24:55.862+05:30  INFO 60076 --- [backend] [ngodb.net:27017] org.mongodb.driver.cluster               : Monitor thread successfully connected to server with description ServerDescription{address=ac-ldnsgdn-shard-00-01.wnctjbm.mongodb.net:27017, type=REPLICA_SET_PRIMARY, cryptd=false, state=CONNECTED, ok=true, minWireVersion=0, maxWireVersion=25, maxDocumentSize=16777216, logicalSessionTimeoutMinutes=30, roundTripTimeNanos=334867900, minRoundTripTimeNanos=0, setName='atlas-dqfih2-shard-0', canonicalAddress=ac-ldnsgdn-shard-00-01.wnctjbm.mongodb.net:27017, hosts=[ac-ldnsgdn-shard-00-00.wnctjbm.mongodb.net:27017, ac-ldnsgdn-shard-00-01.wnctjbm.mongodb.net:27017, ac-ldnsgdn-shard-00-02.wnctjbm.mongodb.net:27017], passives=[], arbiters=[], primary='ac-ldnsgdn-shard-00-01.wnctjbm.mongodb.net:27017', tagSet=TagSet{[Tag{name='availabilityZone', value='aps1-az3'}, Tag{name='diskState', value='READY'}, Tag{name='nodeType', value='ELECTABLE'}, Tag{name='provider', value='AWS'}, Tag{name='region', value='AP_SOUTH_1'}, Tag{name='workloadType', value='OPERATIONAL'}]}, electionId=7fffffff00000000000000e5, setVersion=76, topologyVersion=TopologyVersion{processId=69cec0e119ace8ba7337155a, counter=6}, lastWriteDate=Thu Apr 09 03:24:55 IST 2026, lastUpdateTimeNanos=2043925999512200}
2026-04-09T03:24:55.862+05:30  INFO 60076 --- [backend] [ngodb.net:27017] org.mongodb.driver.cluster               : Monitor thread successfully connected to server with description ServerDescription{address=ac-ldnsgdn-shard-00-00.wnctjbm.mongodb.net:27017, type=REPLICA_SET_SECONDARY, cryptd=false, state=CONNECTED, ok=true, minWireVersion=0, maxWireVersion=25, maxDocumentSize=16777216, logicalSessionTimeoutMinutes=30, roundTripTimeNanos=334839800, minRoundTripTimeNanos=0, setName='atlas-dqfih2-shard-0', canonicalAddress=ac-ldnsgdn-shard-00-00.wnctjbm.mongodb.net:27017, hosts=[ac-ldnsgdn-shard-00-00.wnctjbm.mongodb.net:27017, ac-ldnsgdn-shard-00-01.wnctjbm.mongodb.net:27017, ac-ldnsgdn-shard-00-02.wnctjbm.mongodb.net:27017], passives=[], arbiters=[], primary='ac-ldnsgdn-shard-00-01.wnctjbm.mongodb.net:27017', tagSet=TagSet{[Tag{name='availabilityZone', value='aps1-az1'}, Tag{name='diskState', value='READY'}, Tag{name='nodeType', value='ELECTABLE'}, Tag{name='provider', value='AWS'}, Tag{name='region', value='AP_SOUTH_1'}, Tag{name='workloadType', value='OPERATIONAL'}]}, electionId=null, setVersion=76, topologyVersion=TopologyVersion{processId=69cebe2e246ec059393e3045, counter=4}, lastWriteDate=Thu Apr 09 03:24:55 IST 2026, lastUpdateTimeNanos=2043925999512200}
2026-04-09T03:24:55.862+05:30  INFO 60076 --- [backend] [ngodb.net:27017] org.mongodb.driver.cluster               : Monitor thread successfully connected to server with description ServerDescription{address=ac-ldnsgdn-shard-00-02.wnctjbm.mongodb.net:27017, type=REPLICA_SET_SECONDARY, cryptd=false, state=CONNECTED, ok=true, minWireVersion=0, maxWireVersion=25, maxDocumentSize=16777216, logicalSessionTimeoutMinutes=30, roundTripTimeNanos=334859700, minRoundTripTimeNanos=0, setName='atlas-dqfih2-shard-0', canonicalAddress=ac-ldnsgdn-shard-00-02.wnctjbm.mongodb.net:27017, hosts=[ac-ldnsgdn-shard-00-00.wnctjbm.mongodb.net:27017, ac-ldnsgdn-shard-00-01.wnctjbm.mongodb.net:27017, ac-ldnsgdn-shard-00-02.wnctjbm.mongodb.net:27017], passives=[], arbiters=[], primary='ac-ldnsgdn-shard-00-01.wnctjbm.mongodb.net:27017', tagSet=TagSet{[Tag{name='availabilityZone', value='aps1-az2'}, Tag{name='diskState', value='READY'}, Tag{name='nodeType', value='ELECTABLE'}, Tag{name='provider', value='AWS'}, Tag{name='region', value='AP_SOUTH_1'}, Tag{name='workloadType', value='OPERATIONAL'}]}, electionId=null, setVersion=76, topologyVersion=TopologyVersion{processId=69cec396b2b077e97efbea7d, counter=3}, lastWriteDate=Thu Apr 09 03:24:55 IST 2026, lastUpdateTimeNanos=2043925999511400}
2026-04-09T03:24:55.865+05:30  INFO 60076 --- [backend] [ngodb.net:27017] org.mongodb.driver.cluster               : Discovered replica set primary ac-ldnsgdn-shard-00-01.wnctjbm.mongodb.net:27017 with max election id 7fffffff00000000000000e5 and max set version 76
2026-04-09T03:24:55.869+05:30  WARN 60076 --- [backend] [           main] ConfigServletWebServerApplicationContext : Exception encountered during context initialization - cancelling refresh attempt: org.springframework.context.ApplicationContextException: Failed to start bean 'webServerStartStop'
2026-04-09T03:24:55.880+05:30  INFO 60076 --- [backend] [           main] .s.b.a.l.ConditionEvaluationReportLogger : 

Error starting ApplicationContext. To display the condition evaluation report re-run your application with 'debug' enabled.
2026-04-09T03:24:55.887+05:30 ERROR 60076 --- [backend] [           main] o.s.b.d.LoggingFailureAnalysisReporter   : 

***************************
APPLICATION FAILED TO START
***************************

Description:

Web server failed to start. Port 8081 was already in use.

Action:

Identify and stop the process that's listening on port 8081 or configure this application to listen on another port.

[INFO] ------------------------------------------------------------------------
[INFO] BUILD FAILURE
[INFO] ------------------------------------------------------------------------
[INFO] Total time:  3.549 s
[INFO] Finished at: 2026-04-09T03:24:56+05:30
[INFO] ------------------------------------------------------------------------
[ERROR] Failed to execute goal org.springframework.boot:spring-boot-maven-plugin:4.0.5:run (default-cli) on project backend: Process terminated with exit code: 1 -> [Help 1]
[ERROR] 
[ERROR] To see the full stack trace of the errors, re-run Maven with the -e switch.
[ERROR] Re-run Maven using the -X switch to enable full debug logging.
[ERROR] 
[ERROR] For more information about the errors and possible solutions, please read the following articles:
[ERROR] [Help 1] http://cwiki.apache.org/confluence/display/MAVEN/MojoExecutionException
